[debug] [2021-04-16T08:17:24.337Z] ----------------------------------------------------------------------
[debug] [2021-04-16T08:17:24.338Z] Command:       /home/sayan/.nvm/versions/node/v14.15.0/bin/node /home/sayan/.nvm/versions/node/v14.15.0/bin/firebase init
[debug] [2021-04-16T08:17:24.339Z] CLI Version:   9.10.0
[debug] [2021-04-16T08:17:24.339Z] Platform:      linux
[debug] [2021-04-16T08:17:24.339Z] Node Version:  v14.15.0
[debug] [2021-04-16T08:17:24.339Z] Time:          Fri Apr 16 2021 13:47:24 GMT+0530 (India Standard Time)
[debug] [2021-04-16T08:17:24.339Z] ----------------------------------------------------------------------
[debug] 
[debug] [2021-04-16T08:17:24.345Z] > command requires scopes: ["email","openid","https://www.googleapis.com/auth/cloudplatformprojects.readonly","https://www.googleapis.com/auth/firebase","https://www.googleapis.com/auth/cloud-platform"]
[debug] [2021-04-16T08:17:24.345Z] > authorizing via signed-in user (astrainio002@gmail.com)
[info] 
     ######## #### ########  ######## ########     ###     ######  ########
     ##        ##  ##     ## ##       ##     ##  ##   ##  ##       ##
     ######    ##  ########  ######   ########  #########  ######  ######
     ##        ##  ##    ##  ##       ##     ## ##     ##       ## ##
     ##       #### ##     ## ######## ########  ##     ##  ######  ########

You're about to initialize a Firebase project in this directory:

  /media/sayan/Sayan2/MyLearning/clones/youtube-clone

Before we get started, keep in mind:

  * You are currently outside your home directory

[info] 
=== Project Setup
[info] 
[info] First, let's associate this project directory with a Firebase project.
[info] You can create multiple project aliases by running firebase use --add, 
[info] but for now we'll just set up a default project.
[info] 
[debug] [2021-04-16T08:18:09.291Z] >>> [apiv2][query] GET https://firebase.googleapis.com/v1beta1/projects pageSize=100
[debug] [2021-04-16T08:18:10.241Z] <<< [apiv2][status] GET https://firebase.googleapis.com/v1beta1/projects 200
[debug] [2021-04-16T08:18:10.245Z] <<< [apiv2][body] GET https://firebase.googleapis.com/v1beta1/projects [omitted]
[info] i  Using project clone-5e64e (youtube-clone) 
[info] 
=== Hosting Setup
[info] 
[info] Your public directory is the folder (relative to your project directory) that
[info] will contain Hosting assets to be uploaded with firebase deploy. If you
[info] have a build process for your assets, use your build's output directory.
[info] 
[debug] [2021-04-16T08:21:10.475Z] >>> [apiv2][query] GET https://www.gstatic.com/firebasejs/releases.json [none]
[debug] [2021-04-16T08:21:10.679Z] <<< [apiv2][status] GET https://www.gstatic.com/firebasejs/releases.json 200
[debug] [2021-04-16T08:21:10.680Z] <<< [apiv2][body] GET https://www.gstatic.com/firebasejs/releases.json {"current":{"version":"8.4.1","browserURL":"https://www.gstatic.com/firebasejs/8.4.1/firebase.js","packageURL":"https://www.gstatic.com/firebasejs/8.4.1/firebase.tgz"},"live":{"version":"8.4","browserURL":"https://www.gstatic.com/firebasejs/live/8.4/firebase.js","packageURL":"https://www.gstatic.com/firebasejs/live/8.4/firebase.tgz"},"components":{"analytics":"https://www.gstatic.com/firebasejs/8.4.1/firebase-analytics.js","app":"https://www.gstatic.com/firebasejs/8.4.1/firebase-app.js","auth":"https://www.gstatic.com/firebasejs/8.4.1/firebase-auth.js","database":"https://www.gstatic.com/firebasejs/8.4.1/firebase-database.js","firestore":"https://www.gstatic.com/firebasejs/8.4.1/firebase-firestore.js","functions":"https://www.gstatic.com/firebasejs/8.4.1/firebase-functions.js","installations":"https://www.gstatic.com/firebasejs/8.4.1/firebase-installations.js","messaging":"https://www.gstatic.com/firebasejs/8.4.1/firebase-messaging.js","storage":"https://www.gstatic.com/firebasejs/8.4.1/firebase-storage.js","performance":"https://www.gstatic.com/firebasejs/8.4.1/firebase-performance.js","remote-config":"https://www.gstatic.com/firebasejs/8.4.1/firebase-remote-config.js","firestore.memory":"https://www.gstatic.com/firebasejs/8.4.1/firebase-firestore.memory.js"}}
[info] ✔  Wrote build/index.html 
[info] 
[info] i  Detected a .git folder at /media/sayan/Sayan2/MyLearning/clones/youtube-clone 
[info] i  Authorizing with GitHub to upload your service account to a GitHub repository's secrets store. 
[info] 
[info] Visit this URL on this device to log in:
[info] https://github.com/login/oauth/authorize?client_id=89cf50f02ac6aaed3484&state=1004262059&redirect_uri=http%3A%2F%2Flocalhost%3A9005&scope=read%3Auser%20repo%20public_repo
[info] 
[info] Waiting for authentication...
[debug] [2021-04-16T08:21:31.022Z] >>> HTTP REQUEST POST https://github.com/login/oauth/access_token  
 {"client_id":"89cf50f02ac6aaed3484","client_secret":"3330d14abc895d9a74d5f17cd7a00711fa2c5bf0","code":"e0ed1505028cb3672786","redirect_uri":"http://localhost:9005","state":"1004262059"}
[debug] [2021-04-16T08:21:31.707Z] <<< HTTP RESPONSE 200 {"server":"GitHub.com","date":"Fri, 16 Apr 2021 08:21:31 GMT","content-type":"application/json; charset=utf-8","transfer-encoding":"chunked","vary":"X-PJAX, Accept-Encoding, Accept, X-Requested-With","etag":"W/\"7b69453674c2481451f89ced11bd1d05\"","cache-control":"max-age=0, private, must-revalidate","strict-transport-security":"max-age=31536000; includeSubdomains; preload","x-frame-options":"deny","x-content-type-options":"nosniff","x-xss-protection":"0","referrer-policy":"origin-when-cross-origin, strict-origin-when-cross-origin","expect-ct":"max-age=2592000, report-uri=\"https://api.github.com/_private/browser/errors\"","content-security-policy":"default-src 'none'; base-uri 'self'; block-all-mixed-content; connect-src 'self' uploads.github.com www.githubstatus.com collector.githubapp.com api.github.com github-cloud.s3.amazonaws.com github-production-repository-file-5c1aeb.s3.amazonaws.com github-production-upload-manifest-file-7fdce7.s3.amazonaws.com github-production-user-asset-6210df.s3.amazonaws.com cdn.optimizely.com logx.optimizely.com/v1/events wss://alive.github.com; font-src github.githubassets.com; form-action 'self' github.com gist.github.com; frame-ancestors 'none'; frame-src render.githubusercontent.com; img-src 'self' data: github.githubassets.com identicons.github.com collector.githubapp.com github-cloud.s3.amazonaws.com secured-user-images.githubusercontent.com/ *.githubusercontent.com; manifest-src 'self'; media-src 'none'; script-src github.githubassets.com; style-src 'unsafe-inline' github.githubassets.com; worker-src github.com/socket-worker-3f088aa2.js gist.github.com/socket-worker-3f088aa2.js","x-github-request-id":"8BA0:5962:35797:78EC9:6079490B"}
[debug] [2021-04-16T08:21:31.718Z] >>> [apiv2][query] GET https://api.github.com/user [none]
[debug] [2021-04-16T08:21:37.338Z] <<< [apiv2][status] GET https://api.github.com/user 200
[debug] [2021-04-16T08:21:37.339Z] <<< [apiv2][body] GET https://api.github.com/user {"login":"sayanmondal31","id":43213197,"node_id":"MDQ6VXNlcjQzMjEzMTk3","avatar_url":"https://avatars.githubusercontent.com/u/43213197?v=4","gravatar_id":"","url":"https://api.github.com/users/sayanmondal31","html_url":"https://github.com/sayanmondal31","followers_url":"https://api.github.com/users/sayanmondal31/followers","following_url":"https://api.github.com/users/sayanmondal31/following{/other_user}","gists_url":"https://api.github.com/users/sayanmondal31/gists{/gist_id}","starred_url":"https://api.github.com/users/sayanmondal31/starred{/owner}{/repo}","subscriptions_url":"https://api.github.com/users/sayanmondal31/subscriptions","organizations_url":"https://api.github.com/users/sayanmondal31/orgs","repos_url":"https://api.github.com/users/sayanmondal31/repos","events_url":"https://api.github.com/users/sayanmondal31/events{/privacy}","received_events_url":"https://api.github.com/users/sayanmondal31/received_events","type":"User","site_admin":false,"name":"Sayan Mondal","company":"@Code-Tigers ","blog":"https://codetigers.org/ ","location":"kolkata","email":null,"hireable":true,"bio":"one step with think,analysis ,implementation to complete that step\r\n","twitter_username":"SayanMo117","public_repos":129,"public_gists":46,"followers":11,"following":11,"created_at":"2018-09-12T15:21:06Z","updated_at":"2021-04-16T08:21:30Z","private_gists":7,"total_private_repos":20,"owned_private_repos":17,"disk_usage":260675,"collaborators":4,"two_factor_authentication":false,"plan":{"name":"free","space":976562499,"collaborators":0,"private_repos":10000}}
[info] 
[info] ✔  Success! Logged into GitHub as sayanmondal31 
[info] 
[debug] [2021-04-16T08:22:03.517Z] >>> [apiv2][query] GET https://api.github.com/repos//actions/secrets/public-key type=owner
[debug] [2021-04-16T08:22:04.011Z] <<< [apiv2][status] GET https://api.github.com/repos//actions/secrets/public-key 404
[debug] [2021-04-16T08:22:04.012Z] <<< [apiv2][body] GET https://api.github.com/repos//actions/secrets/public-key {"message":"Not Found","documentation_url":"https://docs.github.com/rest"}
[debug] [2021-04-16T08:22:11.304Z] >>> [apiv2][query] GET https://api.github.com/repos//actions/secrets/public-key type=owner
[debug] [2021-04-16T08:22:11.991Z] <<< [apiv2][status] GET https://api.github.com/repos//actions/secrets/public-key 404
[debug] [2021-04-16T08:22:11.991Z] <<< [apiv2][body] GET https://api.github.com/repos//actions/secrets/public-key {"message":"Not Found","documentation_url":"https://docs.github.com/rest"}
[debug] [2021-04-16T08:22:46.080Z] >>> [apiv2][query] GET https://api.github.com/repos/sayanmondal31/youtube-clone/actions/secrets/public-key type=owner
[debug] [2021-04-16T08:22:46.717Z] <<< [apiv2][status] GET https://api.github.com/repos/sayanmondal31/youtube-clone/actions/secrets/public-key 404
[debug] [2021-04-16T08:22:46.718Z] <<< [apiv2][body] GET https://api.github.com/repos/sayanmondal31/youtube-clone/actions/secrets/public-key {"message":"Not Found","documentation_url":"https://docs.github.com/rest/reference/actions#get-a-repository-public-key"}
